<?xml version="1.0" encoding="UTF-8"?>
<!-- Generated by org.testng.reporters.JUnitReportReporter -->
<testsuite hostname="DESKTOP-6NH46FF" name="com.qa.tests.GetAPI" tests="7" failures="0" timestamp="21 Mar 2020 06:52:11 GMT" time="3.953" errors="0">
  <testcase name="verifyParticulatAtribute" time="0.319" classname="com.qa.tests.GetAPI"/>
  <testcase name="verifyHeaders" time="0.529" classname="com.qa.tests.GetAPI"/>
  <testcase name="getURI" time="1.785" classname="com.qa.tests.GetAPI"/>
  <testcase name="verifyStatusCode" time="0.334" classname="com.qa.tests.GetAPI"/>
  <testcase name="verifyAPIWithHeaders" time="0.323" classname="com.qa.tests.GetAPI"/>
  <testcase name="verifyTotal" time="0.326" classname="com.qa.tests.GetAPI"/>
  <testcase name="verifyDataPerPage" time="0.337" classname="com.qa.tests.GetAPI"/>
</testsuite> <!-- com.qa.tests.GetAPI -->
