<?xml version="1.0" encoding="UTF-8"?>
<!-- Generated by org.testng.reporters.JUnitReportReporter -->
<testsuite hostname="DESKTOP-6NH46FF" name="com.qa.tests.PostAPI" tests="1" failures="0" timestamp="22 Mar 2020 04:06:42 GMT" time="2.462" errors="0">
  <testcase name="postAPITest" time="2.462" classname="com.qa.tests.PostAPI"/>
</testsuite> <!-- com.qa.tests.PostAPI -->
